<?xml version="1.0" encoding="UTF-8"?>
<testsuite xmlns:xsi="http://www.w3.org/2001/XMLSchema-instance" xsi:noNamespaceSchemaLocation="https://maven.apache.org/surefire/maven-surefire-plugin/xsd/surefire-test-report-3.0.xsd" version="3.0" name="org.example.MinesTest" time="0.375" tests="5" errors="0" skipped="0" failures="0">
  <properties>
[...]
</properties>
  <testcase name="checkProximityTest" classname="org.example.MinesTest" time="0.327"/>
  <testcase name="showMines" classname="org.example.MinesTest" time="0.001"/>
  <testcase name="checkProximityTest1" classname="org.example.MinesTest" time="0.001"/>
  <testcase name="checkProximityTest2" classname="org.example.MinesTest" time="0.002"/>
  <testcase name="validateArea" classname="org.example.MinesTest" time="0.001"/>
</testsuite>